<?xml version="1.0" encoding="UTF-8"?>
<testng-results ignored="0" total="3" passed="3" failed="0" skipped="0">
  <reporter-output>
  </reporter-output>
  <suite started-at="2021-02-14T13:59:43 IST" name="Default suite" finished-at="2021-02-14T13:59:43 IST" duration-ms="140">
    <groups>
    </groups>
    <test started-at="2021-02-14T13:59:43 IST" name="Default test" finished-at="2021-02-14T13:59:43 IST" duration-ms="140">
      <class name="datastructure.TestAddBig">
        <test-method signature="testAdd(java.lang.Number, java.lang.Number)[pri:0, instance:datastructure.TestAddBig@53ca01a2]" started-at="2021-02-14T13:59:43 IST" name="testAdd" data-provider="getData" finished-at="2021-02-14T13:59:43 IST" duration-ms="19" status="PASS">
          <params>
            <param index="0">
              <value>
                <![CDATA[17663673894327293350444771671613870088392129857222429039842719180703384876131903711469916174760898271142737114436438989454294402274138087194807434726036]]>
              </value>
            </param>
            <param index="1">
              <value>
                <![CDATA[21075558032869116223118681602172287454783397506900768436732294281638324424200335952067272728082335395879345345533773647170447645238436607963888696895934974084491247495674425624917445320875854581995806646761046667923191311171911118286550394626297065393885408636513860626]]>
              </value>
            </param>
          </params>
          <reporter-output>
          </reporter-output>
        </test-method> <!-- testAdd -->
        <test-method signature="testAdd(java.lang.Number, java.lang.Number)[pri:0, instance:datastructure.TestAddBig@53ca01a2]" started-at="2021-02-14T13:59:43 IST" name="testAdd" data-provider="getData" finished-at="2021-02-14T13:59:43 IST" duration-ms="6" status="PASS">
          <params>
            <param index="0">
              <value>
                <![CDATA[4652377275771525333113851959441919733741529303744588009980737958856241970282238179895798009373317666126053089969862156109118717179499135393237805120808408290846705120814387000529085399511796012176711350573961066270737098407753426455500336660981800324467208488538346564877318777352860365281544462.88]]>
              </value>
            </param>
            <param index="1">
              <value>
                <![CDATA[562842118146259388757904614055633317723944457906185593181770581446828702502930438754928423354694797555515428307747552074243449273297520819566209389431595028587606391301431322725578377180179477988661274747637052.815]]>
              </value>
            </param>
          </params>
          <reporter-output>
          </reporter-output>
        </test-method> <!-- testAdd -->
        <test-method signature="testAdd(java.lang.Number, java.lang.Number)[pri:0, instance:datastructure.TestAddBig@53ca01a2]" started-at="2021-02-14T13:59:43 IST" name="testAdd" data-provider="getData" finished-at="2021-02-14T13:59:43 IST" duration-ms="34" status="PASS">
          <params>
            <param index="0">
              <value>
                <![CDATA[3571695357287557736494750163533339368538016039018445358145834627901170170416453741643994596052319527091982243058510489417290484285641046811994859191566191601311522591608076995140358201687457047292651394051015491661193980422466255853055181315359020971523732159228847389220143277217541462279068556023125]]>
              </value>
            </param>
            <param index="1">
              <value>
                <![CDATA[14286781429150230945979000654133357474152064156073781432583338511604680681665814966575978384209278108367928972234041957669161937142564187247979436766264766405246090366432307980561432806749828189170605576204061966644775921689865023412220725261436083886094928636915389556880573108870165849116274224092501]]>
              </value>
            </param>
          </params>
          <reporter-output>
          </reporter-output>
        </test-method> <!-- testAdd -->
      </class> <!-- datastructure.TestAddBig -->
    </test> <!-- Default test -->
  </suite> <!-- Default suite -->
</testng-results>
