<?xml version="1.0" encoding="UTF-8"?>
<!-- Generated by org.testng.reporters.JUnitXMLReporter -->
<testsuite ignored="0" hostname="gyanesh-ZED-Air-CX3" failures="0" tests="3" name="Default test" time="0.14" errors="0" timestamp="2021-02-14T13:59:43 IST">
  <testcase classname="datastructure.TestAddBig" name="testAdd" time="0.019"/>
  <testcase classname="datastructure.TestAddBig" name="testAdd" time="0.006"/>
  <testcase classname="datastructure.TestAddBig" name="testAdd" time="0.034"/>
</testsuite> <!-- Default test -->
